10:10:08.679 [main] DEBUG org.testng.TestNG - suiteXmlPath: "C:\Users\Anoop\eclipse-workspace\Opencart4.1.0.3\testng.xml"
10:10:09.669 [main] INFO  org.testng.internal.Utils - [TestNG] Running:
  C:\Users\Anoop\eclipse-workspace\Opencart4.1.0.3\testng.xml

10:10:22.674 [main] INFO  testCases.TC002_LoginTest - ******Staring TC002_LoginTest***** 
10:10:26.421 [main] INFO  testCases.TC002_LoginTest - ******Finished TC002_LoginTest***** 
11:09:20.310 [main] DEBUG org.testng.TestNG - suiteXmlPath: "C:\Users\Anoop\eclipse-workspace\Opencart4.1.0.3\testng.xml"
11:09:21.655 [main] INFO  org.testng.internal.Utils - [TestNG] Running:
  C:\Users\Anoop\eclipse-workspace\Opencart4.1.0.3\testng.xml

11:09:50.506 [main] DEBUG org.apache.poi.openxml4j.opc.PackageRelationshipCollection - Parsing relationship: /xl/_rels/workbook.xml.rels
11:09:50.539 [main] DEBUG org.apache.poi.openxml4j.opc.PackageRelationshipCollection - Parsing relationship: /xl/worksheets/_rels/sheet1.xml.rels
11:09:50.554 [main] DEBUG org.apache.poi.openxml4j.opc.PackageRelationshipCollection - Parsing relationship: /_rels/.rels
11:09:52.013 [main] DEBUG org.apache.poi.ooxml.POIXMLFactory - using default POIXMLDocumentPart for http://schemas.openxmlformats.org/officeDocument/2006/relationships/printerSettings
11:09:52.623 [main] DEBUG org.apache.poi.openxml4j.opc.PackageRelationshipCollection - Parsing relationship: /xl/_rels/workbook.xml.rels
11:09:52.634 [main] DEBUG org.apache.poi.openxml4j.opc.PackageRelationshipCollection - Parsing relationship: /xl/worksheets/_rels/sheet1.xml.rels
11:09:52.637 [main] DEBUG org.apache.poi.openxml4j.opc.PackageRelationshipCollection - Parsing relationship: /_rels/.rels
11:09:52.702 [main] DEBUG org.apache.poi.ooxml.POIXMLFactory - using default POIXMLDocumentPart for http://schemas.openxmlformats.org/officeDocument/2006/relationships/printerSettings
11:09:52.804 [main] DEBUG org.apache.poi.openxml4j.opc.PackageRelationshipCollection - Parsing relationship: /xl/_rels/workbook.xml.rels
11:09:52.808 [main] DEBUG org.apache.poi.openxml4j.opc.PackageRelationshipCollection - Parsing relationship: /xl/worksheets/_rels/sheet1.xml.rels
11:09:52.828 [main] DEBUG org.apache.poi.openxml4j.opc.PackageRelationshipCollection - Parsing relationship: /_rels/.rels
11:09:52.866 [main] DEBUG org.apache.poi.ooxml.POIXMLFactory - using default POIXMLDocumentPart for http://schemas.openxmlformats.org/officeDocument/2006/relationships/printerSettings
11:09:52.946 [main] DEBUG org.apache.poi.openxml4j.opc.PackageRelationshipCollection - Parsing relationship: /xl/_rels/workbook.xml.rels
11:09:52.949 [main] DEBUG org.apache.poi.openxml4j.opc.PackageRelationshipCollection - Parsing relationship: /xl/worksheets/_rels/sheet1.xml.rels
11:09:52.955 [main] DEBUG org.apache.poi.openxml4j.opc.PackageRelationshipCollection - Parsing relationship: /_rels/.rels
11:09:53.006 [main] DEBUG org.apache.poi.ooxml.POIXMLFactory - using default POIXMLDocumentPart for http://schemas.openxmlformats.org/officeDocument/2006/relationships/printerSettings
11:09:53.068 [main] DEBUG org.apache.poi.openxml4j.opc.PackageRelationshipCollection - Parsing relationship: /xl/_rels/workbook.xml.rels
11:09:53.070 [main] DEBUG org.apache.poi.openxml4j.opc.PackageRelationshipCollection - Parsing relationship: /xl/worksheets/_rels/sheet1.xml.rels
11:09:53.078 [main] DEBUG org.apache.poi.openxml4j.opc.PackageRelationshipCollection - Parsing relationship: /_rels/.rels
11:09:53.107 [main] DEBUG org.apache.poi.ooxml.POIXMLFactory - using default POIXMLDocumentPart for http://schemas.openxmlformats.org/officeDocument/2006/relationships/printerSettings
11:09:53.159 [main] DEBUG org.apache.poi.openxml4j.opc.PackageRelationshipCollection - Parsing relationship: /xl/_rels/workbook.xml.rels
11:09:53.161 [main] DEBUG org.apache.poi.openxml4j.opc.PackageRelationshipCollection - Parsing relationship: /xl/worksheets/_rels/sheet1.xml.rels
11:09:53.164 [main] DEBUG org.apache.poi.openxml4j.opc.PackageRelationshipCollection - Parsing relationship: /_rels/.rels
11:09:53.198 [main] DEBUG org.apache.poi.ooxml.POIXMLFactory - using default POIXMLDocumentPart for http://schemas.openxmlformats.org/officeDocument/2006/relationships/printerSettings
11:09:53.309 [main] DEBUG org.apache.poi.openxml4j.opc.PackageRelationshipCollection - Parsing relationship: /xl/_rels/workbook.xml.rels
11:09:53.315 [main] DEBUG org.apache.poi.openxml4j.opc.PackageRelationshipCollection - Parsing relationship: /xl/worksheets/_rels/sheet1.xml.rels
11:09:53.318 [main] DEBUG org.apache.poi.openxml4j.opc.PackageRelationshipCollection - Parsing relationship: /_rels/.rels
11:09:53.365 [main] DEBUG org.apache.poi.ooxml.POIXMLFactory - using default POIXMLDocumentPart for http://schemas.openxmlformats.org/officeDocument/2006/relationships/printerSettings
11:09:53.442 [main] DEBUG org.apache.poi.openxml4j.opc.PackageRelationshipCollection - Parsing relationship: /xl/_rels/workbook.xml.rels
11:09:53.453 [main] DEBUG org.apache.poi.openxml4j.opc.PackageRelationshipCollection - Parsing relationship: /xl/worksheets/_rels/sheet1.xml.rels
11:09:53.477 [main] DEBUG org.apache.poi.openxml4j.opc.PackageRelationshipCollection - Parsing relationship: /_rels/.rels
11:09:53.510 [main] DEBUG org.apache.poi.ooxml.POIXMLFactory - using default POIXMLDocumentPart for http://schemas.openxmlformats.org/officeDocument/2006/relationships/printerSettings
11:09:53.593 [main] DEBUG org.apache.poi.openxml4j.opc.PackageRelationshipCollection - Parsing relationship: /xl/_rels/workbook.xml.rels
11:09:53.595 [main] DEBUG org.apache.poi.openxml4j.opc.PackageRelationshipCollection - Parsing relationship: /xl/worksheets/_rels/sheet1.xml.rels
11:09:53.598 [main] DEBUG org.apache.poi.openxml4j.opc.PackageRelationshipCollection - Parsing relationship: /_rels/.rels
11:09:53.649 [main] DEBUG org.apache.poi.ooxml.POIXMLFactory - using default POIXMLDocumentPart for http://schemas.openxmlformats.org/officeDocument/2006/relationships/printerSettings
11:09:53.739 [main] DEBUG org.apache.poi.openxml4j.opc.PackageRelationshipCollection - Parsing relationship: /xl/_rels/workbook.xml.rels
11:09:53.741 [main] DEBUG org.apache.poi.openxml4j.opc.PackageRelationshipCollection - Parsing relationship: /xl/worksheets/_rels/sheet1.xml.rels
11:09:53.746 [main] DEBUG org.apache.poi.openxml4j.opc.PackageRelationshipCollection - Parsing relationship: /_rels/.rels
11:09:53.799 [main] DEBUG org.apache.poi.ooxml.POIXMLFactory - using default POIXMLDocumentPart for http://schemas.openxmlformats.org/officeDocument/2006/relationships/printerSettings
11:09:53.845 [main] DEBUG org.apache.poi.openxml4j.opc.PackageRelationshipCollection - Parsing relationship: /xl/_rels/workbook.xml.rels
11:09:53.848 [main] DEBUG org.apache.poi.openxml4j.opc.PackageRelationshipCollection - Parsing relationship: /xl/worksheets/_rels/sheet1.xml.rels
11:09:53.856 [main] DEBUG org.apache.poi.openxml4j.opc.PackageRelationshipCollection - Parsing relationship: /_rels/.rels
11:09:53.886 [main] DEBUG org.apache.poi.ooxml.POIXMLFactory - using default POIXMLDocumentPart for http://schemas.openxmlformats.org/officeDocument/2006/relationships/printerSettings
11:09:53.949 [main] DEBUG org.apache.poi.openxml4j.opc.PackageRelationshipCollection - Parsing relationship: /xl/_rels/workbook.xml.rels
11:09:53.950 [main] DEBUG org.apache.poi.openxml4j.opc.PackageRelationshipCollection - Parsing relationship: /xl/worksheets/_rels/sheet1.xml.rels
11:09:53.953 [main] DEBUG org.apache.poi.openxml4j.opc.PackageRelationshipCollection - Parsing relationship: /_rels/.rels
11:09:53.977 [main] DEBUG org.apache.poi.ooxml.POIXMLFactory - using default POIXMLDocumentPart for http://schemas.openxmlformats.org/officeDocument/2006/relationships/printerSettings
11:09:54.035 [main] DEBUG org.apache.poi.openxml4j.opc.PackageRelationshipCollection - Parsing relationship: /xl/_rels/workbook.xml.rels
11:09:54.037 [main] DEBUG org.apache.poi.openxml4j.opc.PackageRelationshipCollection - Parsing relationship: /xl/worksheets/_rels/sheet1.xml.rels
11:09:54.047 [main] DEBUG org.apache.poi.openxml4j.opc.PackageRelationshipCollection - Parsing relationship: /_rels/.rels
11:09:54.084 [main] DEBUG org.apache.poi.ooxml.POIXMLFactory - using default POIXMLDocumentPart for http://schemas.openxmlformats.org/officeDocument/2006/relationships/printerSettings
11:09:54.152 [main] DEBUG org.apache.poi.openxml4j.opc.PackageRelationshipCollection - Parsing relationship: /xl/_rels/workbook.xml.rels
11:09:54.154 [main] DEBUG org.apache.poi.openxml4j.opc.PackageRelationshipCollection - Parsing relationship: /xl/worksheets/_rels/sheet1.xml.rels
11:09:54.156 [main] DEBUG org.apache.poi.openxml4j.opc.PackageRelationshipCollection - Parsing relationship: /_rels/.rels
11:09:54.208 [main] DEBUG org.apache.poi.ooxml.POIXMLFactory - using default POIXMLDocumentPart for http://schemas.openxmlformats.org/officeDocument/2006/relationships/printerSettings
11:09:54.269 [main] DEBUG org.apache.poi.openxml4j.opc.PackageRelationshipCollection - Parsing relationship: /xl/_rels/workbook.xml.rels
11:09:54.270 [main] DEBUG org.apache.poi.openxml4j.opc.PackageRelationshipCollection - Parsing relationship: /xl/worksheets/_rels/sheet1.xml.rels
11:09:54.272 [main] DEBUG org.apache.poi.openxml4j.opc.PackageRelationshipCollection - Parsing relationship: /_rels/.rels
11:09:54.291 [main] DEBUG org.apache.poi.ooxml.POIXMLFactory - using default POIXMLDocumentPart for http://schemas.openxmlformats.org/officeDocument/2006/relationships/printerSettings
11:09:54.349 [main] DEBUG org.apache.poi.openxml4j.opc.PackageRelationshipCollection - Parsing relationship: /xl/_rels/workbook.xml.rels
11:09:54.354 [main] DEBUG org.apache.poi.openxml4j.opc.PackageRelationshipCollection - Parsing relationship: /xl/worksheets/_rels/sheet1.xml.rels
11:09:54.357 [main] DEBUG org.apache.poi.openxml4j.opc.PackageRelationshipCollection - Parsing relationship: /_rels/.rels
11:09:54.480 [main] DEBUG org.apache.poi.ooxml.POIXMLFactory - using default POIXMLDocumentPart for http://schemas.openxmlformats.org/officeDocument/2006/relationships/printerSettings
11:09:54.514 [main] DEBUG org.apache.poi.openxml4j.opc.PackageRelationshipCollection - Parsing relationship: /xl/_rels/workbook.xml.rels
11:09:54.517 [main] DEBUG org.apache.poi.openxml4j.opc.PackageRelationshipCollection - Parsing relationship: /xl/worksheets/_rels/sheet1.xml.rels
11:09:54.519 [main] DEBUG org.apache.poi.openxml4j.opc.PackageRelationshipCollection - Parsing relationship: /_rels/.rels
11:09:54.540 [main] DEBUG org.apache.poi.ooxml.POIXMLFactory - using default POIXMLDocumentPart for http://schemas.openxmlformats.org/officeDocument/2006/relationships/printerSettings
11:09:54.702 [main] INFO  testCases.TC003_LoginDDT - ****Starting TC003_LoginDDT*****
11:10:08.890 [main] INFO  testCases.TC003_LoginDDT - ****Starting TC003_LoginDDT*****
11:10:21.284 [main] INFO  testCases.TC003_LoginDDT - ****Finished TC003_LoginDDT*****
11:10:21.315 [main] INFO  testCases.TC003_LoginDDT - ****Starting TC003_LoginDDT*****
11:10:33.802 [main] INFO  testCases.TC003_LoginDDT - ****Finished TC003_LoginDDT*****
11:10:33.830 [main] INFO  testCases.TC003_LoginDDT - ****Starting TC003_LoginDDT*****
11:10:46.103 [main] INFO  testCases.TC003_LoginDDT - ****Finished TC003_LoginDDT*****
11:10:46.134 [main] INFO  testCases.TC003_LoginDDT - ****Starting TC003_LoginDDT*****
11:13:50.919 [main] DEBUG org.testng.TestNG - suiteXmlPath: "C:\Users\Anoop\eclipse-workspace\Opencart4.1.0.3\testng.xml"
11:13:52.001 [main] INFO  org.testng.internal.Utils - [TestNG] Running:
  C:\Users\Anoop\eclipse-workspace\Opencart4.1.0.3\testng.xml

11:14:06.604 [main] DEBUG org.apache.poi.openxml4j.opc.PackageRelationshipCollection - Parsing relationship: /xl/_rels/workbook.xml.rels
11:14:06.654 [main] DEBUG org.apache.poi.openxml4j.opc.PackageRelationshipCollection - Parsing relationship: /xl/worksheets/_rels/sheet1.xml.rels
11:14:06.666 [main] DEBUG org.apache.poi.openxml4j.opc.PackageRelationshipCollection - Parsing relationship: /_rels/.rels
11:14:08.627 [main] DEBUG org.apache.poi.ooxml.POIXMLFactory - using default POIXMLDocumentPart for http://schemas.openxmlformats.org/officeDocument/2006/relationships/printerSettings
11:14:09.933 [main] DEBUG org.apache.poi.openxml4j.opc.PackageRelationshipCollection - Parsing relationship: /xl/_rels/workbook.xml.rels
11:14:09.944 [main] DEBUG org.apache.poi.openxml4j.opc.PackageRelationshipCollection - Parsing relationship: /xl/worksheets/_rels/sheet1.xml.rels
11:14:09.952 [main] DEBUG org.apache.poi.openxml4j.opc.PackageRelationshipCollection - Parsing relationship: /_rels/.rels
11:14:10.035 [main] DEBUG org.apache.poi.ooxml.POIXMLFactory - using default POIXMLDocumentPart for http://schemas.openxmlformats.org/officeDocument/2006/relationships/printerSettings
11:14:10.118 [main] DEBUG org.apache.poi.openxml4j.opc.PackageRelationshipCollection - Parsing relationship: /xl/_rels/workbook.xml.rels
11:14:10.124 [main] DEBUG org.apache.poi.openxml4j.opc.PackageRelationshipCollection - Parsing relationship: /xl/worksheets/_rels/sheet1.xml.rels
11:14:10.135 [main] DEBUG org.apache.poi.openxml4j.opc.PackageRelationshipCollection - Parsing relationship: /_rels/.rels
11:14:10.192 [main] DEBUG org.apache.poi.ooxml.POIXMLFactory - using default POIXMLDocumentPart for http://schemas.openxmlformats.org/officeDocument/2006/relationships/printerSettings
11:14:10.270 [main] DEBUG org.apache.poi.openxml4j.opc.PackageRelationshipCollection - Parsing relationship: /xl/_rels/workbook.xml.rels
11:14:10.273 [main] DEBUG org.apache.poi.openxml4j.opc.PackageRelationshipCollection - Parsing relationship: /xl/worksheets/_rels/sheet1.xml.rels
11:14:10.280 [main] DEBUG org.apache.poi.openxml4j.opc.PackageRelationshipCollection - Parsing relationship: /_rels/.rels
11:14:10.341 [main] DEBUG org.apache.poi.ooxml.POIXMLFactory - using default POIXMLDocumentPart for http://schemas.openxmlformats.org/officeDocument/2006/relationships/printerSettings
11:14:10.425 [main] DEBUG org.apache.poi.openxml4j.opc.PackageRelationshipCollection - Parsing relationship: /xl/_rels/workbook.xml.rels
11:14:10.433 [main] DEBUG org.apache.poi.openxml4j.opc.PackageRelationshipCollection - Parsing relationship: /xl/worksheets/_rels/sheet1.xml.rels
11:14:10.437 [main] DEBUG org.apache.poi.openxml4j.opc.PackageRelationshipCollection - Parsing relationship: /_rels/.rels
11:14:10.469 [main] DEBUG org.apache.poi.ooxml.POIXMLFactory - using default POIXMLDocumentPart for http://schemas.openxmlformats.org/officeDocument/2006/relationships/printerSettings
11:14:10.526 [main] DEBUG org.apache.poi.openxml4j.opc.PackageRelationshipCollection - Parsing relationship: /xl/_rels/workbook.xml.rels
11:14:10.532 [main] DEBUG org.apache.poi.openxml4j.opc.PackageRelationshipCollection - Parsing relationship: /xl/worksheets/_rels/sheet1.xml.rels
11:14:10.539 [main] DEBUG org.apache.poi.openxml4j.opc.PackageRelationshipCollection - Parsing relationship: /_rels/.rels
11:14:10.577 [main] DEBUG org.apache.poi.ooxml.POIXMLFactory - using default POIXMLDocumentPart for http://schemas.openxmlformats.org/officeDocument/2006/relationships/printerSettings
11:14:10.641 [main] DEBUG org.apache.poi.openxml4j.opc.PackageRelationshipCollection - Parsing relationship: /xl/_rels/workbook.xml.rels
11:14:10.643 [main] DEBUG org.apache.poi.openxml4j.opc.PackageRelationshipCollection - Parsing relationship: /xl/worksheets/_rels/sheet1.xml.rels
11:14:10.667 [main] DEBUG org.apache.poi.openxml4j.opc.PackageRelationshipCollection - Parsing relationship: /_rels/.rels
11:14:11.034 [main] DEBUG org.apache.poi.ooxml.POIXMLFactory - using default POIXMLDocumentPart for http://schemas.openxmlformats.org/officeDocument/2006/relationships/printerSettings
11:14:11.139 [main] DEBUG org.apache.poi.openxml4j.opc.PackageRelationshipCollection - Parsing relationship: /xl/_rels/workbook.xml.rels
11:14:11.150 [main] DEBUG org.apache.poi.openxml4j.opc.PackageRelationshipCollection - Parsing relationship: /xl/worksheets/_rels/sheet1.xml.rels
11:14:11.177 [main] DEBUG org.apache.poi.openxml4j.opc.PackageRelationshipCollection - Parsing relationship: /_rels/.rels
11:14:11.209 [main] DEBUG org.apache.poi.ooxml.POIXMLFactory - using default POIXMLDocumentPart for http://schemas.openxmlformats.org/officeDocument/2006/relationships/printerSettings
11:14:11.272 [main] DEBUG org.apache.poi.openxml4j.opc.PackageRelationshipCollection - Parsing relationship: /xl/_rels/workbook.xml.rels
11:14:11.275 [main] DEBUG org.apache.poi.openxml4j.opc.PackageRelationshipCollection - Parsing relationship: /xl/worksheets/_rels/sheet1.xml.rels
11:14:11.277 [main] DEBUG org.apache.poi.openxml4j.opc.PackageRelationshipCollection - Parsing relationship: /_rels/.rels
11:14:11.346 [main] DEBUG org.apache.poi.ooxml.POIXMLFactory - using default POIXMLDocumentPart for http://schemas.openxmlformats.org/officeDocument/2006/relationships/printerSettings
11:14:11.437 [main] DEBUG org.apache.poi.openxml4j.opc.PackageRelationshipCollection - Parsing relationship: /xl/_rels/workbook.xml.rels
11:14:11.439 [main] DEBUG org.apache.poi.openxml4j.opc.PackageRelationshipCollection - Parsing relationship: /xl/worksheets/_rels/sheet1.xml.rels
11:14:11.442 [main] DEBUG org.apache.poi.openxml4j.opc.PackageRelationshipCollection - Parsing relationship: /_rels/.rels
11:14:11.488 [main] DEBUG org.apache.poi.ooxml.POIXMLFactory - using default POIXMLDocumentPart for http://schemas.openxmlformats.org/officeDocument/2006/relationships/printerSettings
11:14:11.551 [main] DEBUG org.apache.poi.openxml4j.opc.PackageRelationshipCollection - Parsing relationship: /xl/_rels/workbook.xml.rels
11:14:11.554 [main] DEBUG org.apache.poi.openxml4j.opc.PackageRelationshipCollection - Parsing relationship: /xl/worksheets/_rels/sheet1.xml.rels
11:14:11.567 [main] DEBUG org.apache.poi.openxml4j.opc.PackageRelationshipCollection - Parsing relationship: /_rels/.rels
11:14:11.597 [main] DEBUG org.apache.poi.ooxml.POIXMLFactory - using default POIXMLDocumentPart for http://schemas.openxmlformats.org/officeDocument/2006/relationships/printerSettings
11:14:11.675 [main] DEBUG org.apache.poi.openxml4j.opc.PackageRelationshipCollection - Parsing relationship: /xl/_rels/workbook.xml.rels
11:14:11.678 [main] DEBUG org.apache.poi.openxml4j.opc.PackageRelationshipCollection - Parsing relationship: /xl/worksheets/_rels/sheet1.xml.rels
11:14:11.681 [main] DEBUG org.apache.poi.openxml4j.opc.PackageRelationshipCollection - Parsing relationship: /_rels/.rels
11:14:11.706 [main] DEBUG org.apache.poi.ooxml.POIXMLFactory - using default POIXMLDocumentPart for http://schemas.openxmlformats.org/officeDocument/2006/relationships/printerSettings
11:14:11.912 [main] DEBUG org.apache.poi.openxml4j.opc.PackageRelationshipCollection - Parsing relationship: /xl/_rels/workbook.xml.rels
11:14:11.914 [main] DEBUG org.apache.poi.openxml4j.opc.PackageRelationshipCollection - Parsing relationship: /xl/worksheets/_rels/sheet1.xml.rels
11:14:11.927 [main] DEBUG org.apache.poi.openxml4j.opc.PackageRelationshipCollection - Parsing relationship: /_rels/.rels
11:14:11.966 [main] DEBUG org.apache.poi.ooxml.POIXMLFactory - using default POIXMLDocumentPart for http://schemas.openxmlformats.org/officeDocument/2006/relationships/printerSettings
11:14:12.055 [main] DEBUG org.apache.poi.openxml4j.opc.PackageRelationshipCollection - Parsing relationship: /xl/_rels/workbook.xml.rels
11:14:12.057 [main] DEBUG org.apache.poi.openxml4j.opc.PackageRelationshipCollection - Parsing relationship: /xl/worksheets/_rels/sheet1.xml.rels
11:14:12.060 [main] DEBUG org.apache.poi.openxml4j.opc.PackageRelationshipCollection - Parsing relationship: /_rels/.rels
11:14:12.108 [main] DEBUG org.apache.poi.ooxml.POIXMLFactory - using default POIXMLDocumentPart for http://schemas.openxmlformats.org/officeDocument/2006/relationships/printerSettings
11:14:12.162 [main] DEBUG org.apache.poi.openxml4j.opc.PackageRelationshipCollection - Parsing relationship: /xl/_rels/workbook.xml.rels
11:14:12.165 [main] DEBUG org.apache.poi.openxml4j.opc.PackageRelationshipCollection - Parsing relationship: /xl/worksheets/_rels/sheet1.xml.rels
11:14:12.166 [main] DEBUG org.apache.poi.openxml4j.opc.PackageRelationshipCollection - Parsing relationship: /_rels/.rels
11:14:12.186 [main] DEBUG org.apache.poi.ooxml.POIXMLFactory - using default POIXMLDocumentPart for http://schemas.openxmlformats.org/officeDocument/2006/relationships/printerSettings
11:14:12.249 [main] DEBUG org.apache.poi.openxml4j.opc.PackageRelationshipCollection - Parsing relationship: /xl/_rels/workbook.xml.rels
11:14:12.251 [main] DEBUG org.apache.poi.openxml4j.opc.PackageRelationshipCollection - Parsing relationship: /xl/worksheets/_rels/sheet1.xml.rels
11:14:12.255 [main] DEBUG org.apache.poi.openxml4j.opc.PackageRelationshipCollection - Parsing relationship: /_rels/.rels
11:14:12.289 [main] DEBUG org.apache.poi.ooxml.POIXMLFactory - using default POIXMLDocumentPart for http://schemas.openxmlformats.org/officeDocument/2006/relationships/printerSettings
11:14:12.344 [main] DEBUG org.apache.poi.openxml4j.opc.PackageRelationshipCollection - Parsing relationship: /xl/_rels/workbook.xml.rels
11:14:12.348 [main] DEBUG org.apache.poi.openxml4j.opc.PackageRelationshipCollection - Parsing relationship: /xl/worksheets/_rels/sheet1.xml.rels
11:14:12.353 [main] DEBUG org.apache.poi.openxml4j.opc.PackageRelationshipCollection - Parsing relationship: /_rels/.rels
11:14:12.380 [main] DEBUG org.apache.poi.ooxml.POIXMLFactory - using default POIXMLDocumentPart for http://schemas.openxmlformats.org/officeDocument/2006/relationships/printerSettings
11:14:12.504 [main] INFO  testCases.TC003_LoginDDT - ****Starting TC003_LoginDDT*****
11:14:26.607 [main] INFO  testCases.TC003_LoginDDT - ****Starting TC003_LoginDDT*****
11:14:44.395 [main] INFO  testCases.TC003_LoginDDT - ****Finished TC003_LoginDDT*****
11:14:44.418 [main] INFO  testCases.TC003_LoginDDT - ****Starting TC003_LoginDDT*****
11:15:05.285 [main] INFO  testCases.TC003_LoginDDT - ****Finished TC003_LoginDDT*****
11:15:05.297 [main] INFO  testCases.TC003_LoginDDT - ****Starting TC003_LoginDDT*****
11:15:23.668 [main] INFO  testCases.TC003_LoginDDT - ****Finished TC003_LoginDDT*****
11:15:23.691 [main] INFO  testCases.TC003_LoginDDT - ****Starting TC003_LoginDDT*****
11:17:45.727 [main] DEBUG org.testng.TestNG - suiteXmlPath: "C:\Users\Anoop\eclipse-workspace\Opencart4.1.0.3\testng.xml"
11:17:46.731 [main] INFO  org.testng.internal.Utils - [TestNG] Running:
  C:\Users\Anoop\eclipse-workspace\Opencart4.1.0.3\testng.xml

11:17:58.514 [main] DEBUG org.apache.poi.openxml4j.opc.PackageRelationshipCollection - Parsing relationship: /xl/_rels/workbook.xml.rels
11:17:58.541 [main] DEBUG org.apache.poi.openxml4j.opc.PackageRelationshipCollection - Parsing relationship: /xl/worksheets/_rels/sheet1.xml.rels
11:17:58.554 [main] DEBUG org.apache.poi.openxml4j.opc.PackageRelationshipCollection - Parsing relationship: /_rels/.rels
11:18:00.135 [main] DEBUG org.apache.poi.ooxml.POIXMLFactory - using default POIXMLDocumentPart for http://schemas.openxmlformats.org/officeDocument/2006/relationships/printerSettings
11:18:01.105 [main] DEBUG org.apache.poi.openxml4j.opc.PackageRelationshipCollection - Parsing relationship: /xl/_rels/workbook.xml.rels
11:18:01.113 [main] DEBUG org.apache.poi.openxml4j.opc.PackageRelationshipCollection - Parsing relationship: /xl/worksheets/_rels/sheet1.xml.rels
11:18:01.118 [main] DEBUG org.apache.poi.openxml4j.opc.PackageRelationshipCollection - Parsing relationship: /_rels/.rels
11:18:01.184 [main] DEBUG org.apache.poi.ooxml.POIXMLFactory - using default POIXMLDocumentPart for http://schemas.openxmlformats.org/officeDocument/2006/relationships/printerSettings
11:18:01.238 [main] DEBUG org.apache.poi.openxml4j.opc.PackageRelationshipCollection - Parsing relationship: /xl/_rels/workbook.xml.rels
11:18:01.241 [main] DEBUG org.apache.poi.openxml4j.opc.PackageRelationshipCollection - Parsing relationship: /xl/worksheets/_rels/sheet1.xml.rels
11:18:01.259 [main] DEBUG org.apache.poi.openxml4j.opc.PackageRelationshipCollection - Parsing relationship: /_rels/.rels
11:18:01.302 [main] DEBUG org.apache.poi.ooxml.POIXMLFactory - using default POIXMLDocumentPart for http://schemas.openxmlformats.org/officeDocument/2006/relationships/printerSettings
11:18:01.381 [main] DEBUG org.apache.poi.openxml4j.opc.PackageRelationshipCollection - Parsing relationship: /xl/_rels/workbook.xml.rels
11:18:01.384 [main] DEBUG org.apache.poi.openxml4j.opc.PackageRelationshipCollection - Parsing relationship: /xl/worksheets/_rels/sheet1.xml.rels
11:18:01.391 [main] DEBUG org.apache.poi.openxml4j.opc.PackageRelationshipCollection - Parsing relationship: /_rels/.rels
11:18:01.441 [main] DEBUG org.apache.poi.ooxml.POIXMLFactory - using default POIXMLDocumentPart for http://schemas.openxmlformats.org/officeDocument/2006/relationships/printerSettings
11:18:01.529 [main] DEBUG org.apache.poi.openxml4j.opc.PackageRelationshipCollection - Parsing relationship: /xl/_rels/workbook.xml.rels
11:18:01.539 [main] DEBUG org.apache.poi.openxml4j.opc.PackageRelationshipCollection - Parsing relationship: /xl/worksheets/_rels/sheet1.xml.rels
11:18:01.544 [main] DEBUG org.apache.poi.openxml4j.opc.PackageRelationshipCollection - Parsing relationship: /_rels/.rels
11:18:01.576 [main] DEBUG org.apache.poi.ooxml.POIXMLFactory - using default POIXMLDocumentPart for http://schemas.openxmlformats.org/officeDocument/2006/relationships/printerSettings
11:18:01.631 [main] DEBUG org.apache.poi.openxml4j.opc.PackageRelationshipCollection - Parsing relationship: /xl/_rels/workbook.xml.rels
11:18:01.634 [main] DEBUG org.apache.poi.openxml4j.opc.PackageRelationshipCollection - Parsing relationship: /xl/worksheets/_rels/sheet1.xml.rels
11:18:01.638 [main] DEBUG org.apache.poi.openxml4j.opc.PackageRelationshipCollection - Parsing relationship: /_rels/.rels
11:18:01.682 [main] DEBUG org.apache.poi.ooxml.POIXMLFactory - using default POIXMLDocumentPart for http://schemas.openxmlformats.org/officeDocument/2006/relationships/printerSettings
11:18:01.777 [main] DEBUG org.apache.poi.openxml4j.opc.PackageRelationshipCollection - Parsing relationship: /xl/_rels/workbook.xml.rels
11:18:01.783 [main] DEBUG org.apache.poi.openxml4j.opc.PackageRelationshipCollection - Parsing relationship: /xl/worksheets/_rels/sheet1.xml.rels
11:18:01.786 [main] DEBUG org.apache.poi.openxml4j.opc.PackageRelationshipCollection - Parsing relationship: /_rels/.rels
11:18:01.829 [main] DEBUG org.apache.poi.ooxml.POIXMLFactory - using default POIXMLDocumentPart for http://schemas.openxmlformats.org/officeDocument/2006/relationships/printerSettings
11:18:01.907 [main] DEBUG org.apache.poi.openxml4j.opc.PackageRelationshipCollection - Parsing relationship: /xl/_rels/workbook.xml.rels
11:18:01.918 [main] DEBUG org.apache.poi.openxml4j.opc.PackageRelationshipCollection - Parsing relationship: /xl/worksheets/_rels/sheet1.xml.rels
11:18:01.938 [main] DEBUG org.apache.poi.openxml4j.opc.PackageRelationshipCollection - Parsing relationship: /_rels/.rels
11:18:01.978 [main] DEBUG org.apache.poi.ooxml.POIXMLFactory - using default POIXMLDocumentPart for http://schemas.openxmlformats.org/officeDocument/2006/relationships/printerSettings
11:18:02.051 [main] DEBUG org.apache.poi.openxml4j.opc.PackageRelationshipCollection - Parsing relationship: /xl/_rels/workbook.xml.rels
11:18:02.054 [main] DEBUG org.apache.poi.openxml4j.opc.PackageRelationshipCollection - Parsing relationship: /xl/worksheets/_rels/sheet1.xml.rels
11:18:02.058 [main] DEBUG org.apache.poi.openxml4j.opc.PackageRelationshipCollection - Parsing relationship: /_rels/.rels
11:18:02.112 [main] DEBUG org.apache.poi.ooxml.POIXMLFactory - using default POIXMLDocumentPart for http://schemas.openxmlformats.org/officeDocument/2006/relationships/printerSettings
11:18:02.201 [main] DEBUG org.apache.poi.openxml4j.opc.PackageRelationshipCollection - Parsing relationship: /xl/_rels/workbook.xml.rels
11:18:02.203 [main] DEBUG org.apache.poi.openxml4j.opc.PackageRelationshipCollection - Parsing relationship: /xl/worksheets/_rels/sheet1.xml.rels
11:18:02.209 [main] DEBUG org.apache.poi.openxml4j.opc.PackageRelationshipCollection - Parsing relationship: /_rels/.rels
11:18:02.244 [main] DEBUG org.apache.poi.ooxml.POIXMLFactory - using default POIXMLDocumentPart for http://schemas.openxmlformats.org/officeDocument/2006/relationships/printerSettings
11:18:02.296 [main] DEBUG org.apache.poi.openxml4j.opc.PackageRelationshipCollection - Parsing relationship: /xl/_rels/workbook.xml.rels
11:18:02.300 [main] DEBUG org.apache.poi.openxml4j.opc.PackageRelationshipCollection - Parsing relationship: /xl/worksheets/_rels/sheet1.xml.rels
11:18:02.311 [main] DEBUG org.apache.poi.openxml4j.opc.PackageRelationshipCollection - Parsing relationship: /_rels/.rels
11:18:02.341 [main] DEBUG org.apache.poi.ooxml.POIXMLFactory - using default POIXMLDocumentPart for http://schemas.openxmlformats.org/officeDocument/2006/relationships/printerSettings
11:18:02.399 [main] DEBUG org.apache.poi.openxml4j.opc.PackageRelationshipCollection - Parsing relationship: /xl/_rels/workbook.xml.rels
11:18:02.401 [main] DEBUG org.apache.poi.openxml4j.opc.PackageRelationshipCollection - Parsing relationship: /xl/worksheets/_rels/sheet1.xml.rels
11:18:02.405 [main] DEBUG org.apache.poi.openxml4j.opc.PackageRelationshipCollection - Parsing relationship: /_rels/.rels
11:18:02.428 [main] DEBUG org.apache.poi.ooxml.POIXMLFactory - using default POIXMLDocumentPart for http://schemas.openxmlformats.org/officeDocument/2006/relationships/printerSettings
11:18:02.499 [main] DEBUG org.apache.poi.openxml4j.opc.PackageRelationshipCollection - Parsing relationship: /xl/_rels/workbook.xml.rels
11:18:02.500 [main] DEBUG org.apache.poi.openxml4j.opc.PackageRelationshipCollection - Parsing relationship: /xl/worksheets/_rels/sheet1.xml.rels
11:18:02.511 [main] DEBUG org.apache.poi.openxml4j.opc.PackageRelationshipCollection - Parsing relationship: /_rels/.rels
11:18:02.544 [main] DEBUG org.apache.poi.ooxml.POIXMLFactory - using default POIXMLDocumentPart for http://schemas.openxmlformats.org/officeDocument/2006/relationships/printerSettings
11:18:02.591 [main] DEBUG org.apache.poi.openxml4j.opc.PackageRelationshipCollection - Parsing relationship: /xl/_rels/workbook.xml.rels
11:18:02.593 [main] DEBUG org.apache.poi.openxml4j.opc.PackageRelationshipCollection - Parsing relationship: /xl/worksheets/_rels/sheet1.xml.rels
11:18:02.595 [main] DEBUG org.apache.poi.openxml4j.opc.PackageRelationshipCollection - Parsing relationship: /_rels/.rels
11:18:02.720 [main] DEBUG org.apache.poi.ooxml.POIXMLFactory - using default POIXMLDocumentPart for http://schemas.openxmlformats.org/officeDocument/2006/relationships/printerSettings
11:18:02.765 [main] DEBUG org.apache.poi.openxml4j.opc.PackageRelationshipCollection - Parsing relationship: /xl/_rels/workbook.xml.rels
11:18:02.767 [main] DEBUG org.apache.poi.openxml4j.opc.PackageRelationshipCollection - Parsing relationship: /xl/worksheets/_rels/sheet1.xml.rels
11:18:02.770 [main] DEBUG org.apache.poi.openxml4j.opc.PackageRelationshipCollection - Parsing relationship: /_rels/.rels
11:18:02.790 [main] DEBUG org.apache.poi.ooxml.POIXMLFactory - using default POIXMLDocumentPart for http://schemas.openxmlformats.org/officeDocument/2006/relationships/printerSettings
11:18:02.827 [main] DEBUG org.apache.poi.openxml4j.opc.PackageRelationshipCollection - Parsing relationship: /xl/_rels/workbook.xml.rels
11:18:02.831 [main] DEBUG org.apache.poi.openxml4j.opc.PackageRelationshipCollection - Parsing relationship: /xl/worksheets/_rels/sheet1.xml.rels
11:18:02.834 [main] DEBUG org.apache.poi.openxml4j.opc.PackageRelationshipCollection - Parsing relationship: /_rels/.rels
11:18:02.861 [main] DEBUG org.apache.poi.ooxml.POIXMLFactory - using default POIXMLDocumentPart for http://schemas.openxmlformats.org/officeDocument/2006/relationships/printerSettings
11:18:02.898 [main] DEBUG org.apache.poi.openxml4j.opc.PackageRelationshipCollection - Parsing relationship: /xl/_rels/workbook.xml.rels
11:18:02.901 [main] DEBUG org.apache.poi.openxml4j.opc.PackageRelationshipCollection - Parsing relationship: /xl/worksheets/_rels/sheet1.xml.rels
11:18:02.904 [main] DEBUG org.apache.poi.openxml4j.opc.PackageRelationshipCollection - Parsing relationship: /_rels/.rels
11:18:02.923 [main] DEBUG org.apache.poi.ooxml.POIXMLFactory - using default POIXMLDocumentPart for http://schemas.openxmlformats.org/officeDocument/2006/relationships/printerSettings
11:18:03.035 [main] INFO  testCases.TC003_LoginDDT - ****Starting TC003_LoginDDT*****
11:18:08.745 [main] INFO  testCases.TC003_LoginDDT - ****Finished TC003_LoginDDT*****
11:18:08.819 [main] INFO  testCases.TC003_LoginDDT - ****Starting TC003_LoginDDT*****
11:18:21.741 [main] INFO  testCases.TC003_LoginDDT - ****Finished TC003_LoginDDT*****
11:18:21.789 [main] INFO  testCases.TC003_LoginDDT - ****Starting TC003_LoginDDT*****
11:18:34.412 [main] INFO  testCases.TC003_LoginDDT - ****Finished TC003_LoginDDT*****
11:18:34.442 [main] INFO  testCases.TC003_LoginDDT - ****Starting TC003_LoginDDT*****
11:18:46.942 [main] INFO  testCases.TC003_LoginDDT - ****Finished TC003_LoginDDT*****
11:18:46.960 [main] INFO  testCases.TC003_LoginDDT - ****Starting TC003_LoginDDT*****
09:13:55.308 [main] DEBUG org.testng.TestNG - suiteXmlPath: "C:\Users\Anoop\eclipse-workspace\Opencart4.1.0.3\Master.xml"
09:13:56.635 [main] INFO  org.testng.internal.Utils - [TestNG] Running:
  C:\Users\Anoop\eclipse-workspace\Opencart4.1.0.3\Master.xml

09:14:26.923 [main] INFO  testCases.TC002_LoginTest - ******Staring TC002_LoginTest***** 
09:14:31.657 [main] INFO  testCases.TC002_LoginTest - ******Finished TC002_LoginTest***** 
09:17:52.588 [main] DEBUG org.testng.TestNG - suiteXmlPath: "C:\Users\Anoop\eclipse-workspace\Opencart4.1.0.3\Master.xml"
09:17:53.589 [main] INFO  org.testng.internal.Utils - [TestNG] Running:
  C:\Users\Anoop\eclipse-workspace\Opencart4.1.0.3\Master.xml

09:18:05.900 [main] INFO  testCases.TC002_LoginTest - ******Staring TC002_LoginTest***** 
09:18:09.605 [main] INFO  testCases.TC002_LoginTest - ******Finished TC002_LoginTest***** 
09:21:09.373 [main] DEBUG org.testng.TestNG - suiteXmlPath: "C:\Users\Anoop\eclipse-workspace\Opencart4.1.0.3\Master.xml"
09:21:10.348 [main] INFO  org.testng.internal.Utils - [TestNG] Running:
  C:\Users\Anoop\eclipse-workspace\Opencart4.1.0.3\Master.xml

09:21:20.789 [main] INFO  testCases.TC001_AccountRegistrationTest - ******Starting TC001_AccountRegistrationTest ******
09:21:21.051 [main] INFO  testCases.TC001_AccountRegistrationTest - Clicked on Account Link 
09:21:23.070 [main] INFO  testCases.TC001_AccountRegistrationTest - Clicked on Register Link
09:21:23.097 [main] INFO  testCases.TC001_AccountRegistrationTest - Providing Customer details....
09:21:29.084 [main] INFO  testCases.TC001_AccountRegistrationTest - Validating expected message..
09:21:29.210 [main] INFO  testCases.TC001_AccountRegistrationTest - ******Finished TC001_AccountRegistrationTest ******
09:21:37.346 [main] INFO  testCases.TC002_LoginTest - ******Staring TC002_LoginTest***** 
09:21:40.272 [main] INFO  testCases.TC002_LoginTest - ******Finished TC002_LoginTest***** 
09:27:03.544 [main] DEBUG org.testng.TestNG - suiteXmlPath: "C:\Users\Anoop\eclipse-workspace\Opencart4.1.0.3\Master.xml"
09:27:04.719 [main] INFO  org.testng.internal.Utils - [TestNG] Running:
  C:\Users\Anoop\eclipse-workspace\Opencart4.1.0.3\Master.xml

09:27:17.881 [main] INFO  testCases.TC001_AccountRegistrationTest - ******Starting TC001_AccountRegistrationTest ******
09:27:18.286 [main] INFO  testCases.TC001_AccountRegistrationTest - Clicked on Account Link 
09:27:19.705 [main] INFO  testCases.TC001_AccountRegistrationTest - Clicked on Register Link
09:27:19.720 [main] INFO  testCases.TC001_AccountRegistrationTest - Providing Customer details....
09:27:25.060 [main] INFO  testCases.TC001_AccountRegistrationTest - Validating expected message..
09:27:25.189 [main] INFO  testCases.TC001_AccountRegistrationTest - ******Finished TC001_AccountRegistrationTest ******
09:27:34.414 [main] INFO  testCases.TC002_LoginTest - ******Staring TC002_LoginTest***** 
09:57:31.752 [main] DEBUG org.testng.TestNG - suiteXmlPath: "C:\Users\Anoop\eclipse-workspace\Opencart4.1.0.3\Master.xml"
09:57:32.733 [main] INFO  org.testng.internal.Utils - [TestNG] Running:
  C:\Users\Anoop\eclipse-workspace\Opencart4.1.0.3\Master.xml

09:57:46.166 [main] INFO  testCases.TC001_AccountRegistrationTest - ******Starting TC001_AccountRegistrationTest ******
09:57:46.491 [main] INFO  testCases.TC001_AccountRegistrationTest - Clicked on Account Link 
09:57:48.065 [main] INFO  testCases.TC001_AccountRegistrationTest - Clicked on Register Link
09:57:48.094 [main] INFO  testCases.TC001_AccountRegistrationTest - Providing Customer details....
09:57:53.390 [main] INFO  testCases.TC001_AccountRegistrationTest - Validating expected message..
09:57:53.516 [main] INFO  testCases.TC001_AccountRegistrationTest - ******Finished TC001_AccountRegistrationTest ******
09:58:02.957 [main] INFO  testCases.TC002_LoginTest - ******Staring TC002_LoginTest***** 
10:08:35.309 [main] DEBUG org.testng.TestNG - suiteXmlPath: "C:\Users\Anoop\eclipse-workspace\Opencart4.1.0.3\Master.xml"
10:08:36.537 [main] INFO  org.testng.internal.Utils - [TestNG] Running:
  C:\Users\Anoop\eclipse-workspace\Opencart4.1.0.3\Master.xml

10:08:50.087 [main] INFO  testCases.TC001_AccountRegistrationTest - ******Starting TC001_AccountRegistrationTest ******
10:08:50.347 [main] INFO  testCases.TC001_AccountRegistrationTest - Clicked on Account Link 
10:08:51.608 [main] INFO  testCases.TC001_AccountRegistrationTest - Clicked on Register Link
10:08:51.626 [main] INFO  testCases.TC001_AccountRegistrationTest - Providing Customer details....
10:08:53.504 [main] INFO  testCases.TC001_AccountRegistrationTest - Validating expected message..
10:08:56.510 [main] INFO  testCases.TC001_AccountRegistrationTest - ******Finished TC001_AccountRegistrationTest ******
10:09:05.150 [main] INFO  testCases.TC002_LoginTest - ******Staring TC002_LoginTest***** 
10:10:55.921 [main] DEBUG org.testng.TestNG - suiteXmlPath: "C:\Users\Anoop\eclipse-workspace\Opencart4.1.0.3\Master.xml"
10:10:57.659 [main] INFO  org.testng.internal.Utils - [TestNG] Running:
  C:\Users\Anoop\eclipse-workspace\Opencart4.1.0.3\Master.xml

10:11:11.891 [main] INFO  testCases.TC001_AccountRegistrationTest - ******Starting TC001_AccountRegistrationTest ******
10:11:12.163 [main] INFO  testCases.TC001_AccountRegistrationTest - Clicked on Account Link 
10:11:13.440 [main] INFO  testCases.TC001_AccountRegistrationTest - Clicked on Register Link
10:11:13.459 [main] INFO  testCases.TC001_AccountRegistrationTest - Providing Customer details....
10:11:19.053 [main] INFO  testCases.TC001_AccountRegistrationTest - Validating expected message..
10:11:19.140 [main] INFO  testCases.TC001_AccountRegistrationTest - ******Finished TC001_AccountRegistrationTest ******
10:11:28.548 [main] INFO  testCases.TC002_LoginTest - ******Staring TC002_LoginTest***** 
09:56:21.171 [main] DEBUG org.testng.TestNG - suiteXmlPath: "C:\Users\Anoop\eclipse-workspace\Opencart4.1.0.3\Master.xml"
09:56:22.420 [main] INFO  org.testng.internal.Utils - [TestNG] Running:
  C:\Users\Anoop\eclipse-workspace\Opencart4.1.0.3\Master.xml

09:58:06.905 [main] DEBUG org.testng.TestNG - suiteXmlPath: "C:\Users\Anoop\eclipse-workspace\Opencart4.1.0.3\Master.xml"
09:58:08.523 [main] INFO  org.testng.internal.Utils - [TestNG] Running:
  C:\Users\Anoop\eclipse-workspace\Opencart4.1.0.3\Master.xml

09:58:32.947 [main] INFO  testCases.TC001_AccountRegistrationTest - ******Starting TC001_AccountRegistrationTest ******
09:58:33.288 [main] INFO  testCases.TC001_AccountRegistrationTest - Clicked on Account Link 
09:58:36.245 [main] INFO  testCases.TC001_AccountRegistrationTest - Clicked on Register Link
09:58:36.256 [main] INFO  testCases.TC001_AccountRegistrationTest - Providing Customer details....
09:58:42.522 [main] INFO  testCases.TC001_AccountRegistrationTest - Validating expected message..
09:58:42.613 [main] INFO  testCases.TC001_AccountRegistrationTest - ******Finished TC001_AccountRegistrationTest ******
09:58:53.553 [main] INFO  testCases.TC002_LoginTest - ******Staring TC002_LoginTest***** 
10:01:33.613 [main] DEBUG org.testng.TestNG - suiteXmlPath: "C:\Users\Anoop\eclipse-workspace\Opencart4.1.0.3\Master.xml"
10:01:34.688 [main] INFO  org.testng.internal.Utils - [TestNG] Running:
  C:\Users\Anoop\eclipse-workspace\Opencart4.1.0.3\Master.xml

10:01:48.016 [main] INFO  testCases.TC001_AccountRegistrationTest - ******Starting TC001_AccountRegistrationTest ******
10:01:48.366 [main] INFO  testCases.TC001_AccountRegistrationTest - Clicked on Account Link 
10:01:50.219 [main] INFO  testCases.TC001_AccountRegistrationTest - Clicked on Register Link
10:01:50.240 [main] INFO  testCases.TC001_AccountRegistrationTest - Providing Customer details....
10:01:55.598 [main] INFO  testCases.TC001_AccountRegistrationTest - Validating expected message..
10:01:55.705 [main] INFO  testCases.TC001_AccountRegistrationTest - ******Finished TC001_AccountRegistrationTest ******
10:02:04.857 [main] INFO  testCases.TC002_LoginTest - ******Staring TC002_LoginTest***** 
10:04:25.241 [main] DEBUG org.testng.TestNG - suiteXmlPath: "C:\Users\Anoop\eclipse-workspace\Opencart4.1.0.3\Master.xml"
10:04:26.386 [main] INFO  org.testng.internal.Utils - [TestNG] Running:
  C:\Users\Anoop\eclipse-workspace\Opencart4.1.0.3\Master.xml

10:04:42.987 [main] INFO  testCases.TC001_AccountRegistrationTest - ******Starting TC001_AccountRegistrationTest ******
10:04:43.705 [main] INFO  testCases.TC001_AccountRegistrationTest - Clicked on Account Link 
10:04:45.461 [main] INFO  testCases.TC001_AccountRegistrationTest - Clicked on Register Link
10:04:45.468 [main] INFO  testCases.TC001_AccountRegistrationTest - Providing Customer details....
10:04:52.429 [main] INFO  testCases.TC001_AccountRegistrationTest - Validating expected message..
10:04:52.608 [main] INFO  testCases.TC001_AccountRegistrationTest - ******Finished TC001_AccountRegistrationTest ******
10:05:04.085 [main] INFO  testCases.TC002_LoginTest - ******Staring TC002_LoginTest***** 
10:09:03.417 [main] DEBUG org.testng.TestNG - suiteXmlPath: "C:\Users\Anoop\eclipse-workspace\Opencart4.1.0.3\crossbrowsertesting.xml"
10:09:04.571 [main] INFO  org.testng.internal.Utils - [TestNG] Running:
  C:\Users\Anoop\eclipse-workspace\Opencart4.1.0.3\crossbrowsertesting.xml

10:09:29.217 [TestNG-tests-1] INFO  testCases.TC001_AccountRegistrationTest - ******Starting TC001_AccountRegistrationTest ******
10:09:30.459 [TestNG-tests-1] INFO  testCases.TC001_AccountRegistrationTest - Clicked on Account Link 
10:09:33.771 [TestNG-tests-1] INFO  testCases.TC001_AccountRegistrationTest - Clicked on Register Link
10:09:33.783 [TestNG-tests-1] INFO  testCases.TC001_AccountRegistrationTest - Providing Customer details....
10:09:42.557 [TestNG-tests-1] INFO  testCases.TC001_AccountRegistrationTest - Validating expected message..
10:09:42.703 [TestNG-tests-1] INFO  testCases.TC001_AccountRegistrationTest - ******Finished TC001_AccountRegistrationTest ******
09:17:58.494 [main] DEBUG org.testng.TestNG - suiteXmlPath: "C:\Users\Anoop\eclipse-workspace\Opencart4.1.0.3\Master.xml"
09:17:59.685 [main] INFO  org.testng.internal.Utils - [TestNG] Running:
  C:\Users\Anoop\eclipse-workspace\Opencart4.1.0.3\Master.xml

09:20:14.394 [main] DEBUG org.testng.TestNG - suiteXmlPath: "C:\Users\Anoop\eclipse-workspace\Opencart4.1.0.3\Master.xml"
09:20:15.358 [main] INFO  org.testng.internal.Utils - [TestNG] Running:
  C:\Users\Anoop\eclipse-workspace\Opencart4.1.0.3\Master.xml

09:20:56.037 [main] DEBUG org.testng.TestNG - suiteXmlPath: "C:\Users\Anoop\eclipse-workspace\Opencart4.1.0.3\Master.xml"
09:20:57.002 [main] INFO  org.testng.internal.Utils - [TestNG] Running:
  C:\Users\Anoop\eclipse-workspace\Opencart4.1.0.3\Master.xml

09:22:38.055 [main] DEBUG org.testng.TestNG - suiteXmlPath: "C:\Users\Anoop\eclipse-workspace\Opencart4.1.0.3\Master.xml"
09:22:39.052 [main] INFO  org.testng.internal.Utils - [TestNG] Running:
  C:\Users\Anoop\eclipse-workspace\Opencart4.1.0.3\Master.xml

09:23:15.064 [main] INFO  testCases.TC001_AccountRegistrationTest - ******Starting TC001_AccountRegistrationTest ******
09:23:15.496 [main] INFO  testCases.TC001_AccountRegistrationTest - Clicked on Account Link 
09:23:18.518 [main] INFO  testCases.TC001_AccountRegistrationTest - Clicked on Register Link
09:23:18.526 [main] INFO  testCases.TC001_AccountRegistrationTest - Providing Customer details....
09:23:25.631 [main] INFO  testCases.TC001_AccountRegistrationTest - Validating expected message..
09:23:25.728 [main] INFO  testCases.TC001_AccountRegistrationTest - ******Finished TC001_AccountRegistrationTest ******
09:23:35.870 [main] INFO  testCases.TC002_LoginTest - ******Staring TC002_LoginTest***** 
09:23:39.961 [main] INFO  testCases.TC002_LoginTest - ******Finished TC002_LoginTest***** 
